
****** PlanAhead v14.7 (64-bit)
  **** Build 321239 by xbuild on Fri Sep 27 19:29:51 MDT 2013
    ** Copyright 1986-1999, 2001-2013 Xilinx, Inc. All Rights Reserved.

INFO: [Common 17-78] Attempting to get a license: PlanAhead
INFO: [Common 17-290] Got license for PlanAhead
INFO: [Device 21-36] Loading parts and site information from C:/Xilinx/14.7/ISE_DS/PlanAhead/data/parts/arch.xml
Parsing RTL primitives file [C:/Xilinx/14.7/ISE_DS/PlanAhead/data/parts/xilinx/rtl/prims/rtl_prims.xml]
Finished parsing RTL primitives file [C:/Xilinx/14.7/ISE_DS/PlanAhead/data/parts/xilinx/rtl/prims/rtl_prims.xml]
start_gui
source C:/Users/mudifan/Desktop/AUTOCROSS1.0/pa.fromHdl.tcl
# create_project -name AUTOCROSS1.0 -dir "C:/Users/mudifan/Desktop/AUTOCROSS1.0/planAhead_run_3" -part xc7a100tcsg324-1
create_project: Time (s): elapsed = 00:00:06 . Memory (MB): peak = 443.824 ; gain = 70.047
# set_param project.pinAheadLayout yes
# set srcset [get_property srcset [current_run -impl]]
# set_property target_constrs_file "top.ucf" [current_fileset -constrset]
Adding file 'C:/Users/mudifan/Desktop/AUTOCROSS1.0/top.ucf' to fileset 'constrs_1'
# add_files [list {ipcore_dir/score0.ngc}]
INFO: [Common 17-41] Interrupt caught. Command should exit soon.
INFO: [Common 17-344] 'add_files' was cancelled
INFO: [Common 17-344] 'source' was cancelled
update_compile_order -fileset sources_1
exit
ERROR: [Common 17-39] 'stop_gui' failed due to earlier errors.
INFO: [Common 17-206] Exiting PlanAhead at Thu Apr 26 10:02:17 2018...
INFO: [Common 17-83] Releasing license: PlanAhead
