Release 14.7 - ngc2edif P.20131013 (nt64)
Copyright (c) 1995-2013 Xilinx, Inc.  All rights reserved.
Reading design score0.ngc ...
WARNING:NetListWriters:298 - No output is written to score0.xncf, ignored.
Processing design ...
   Preping design's networks ...
   Preping design's macros ...
  finished :Prep
Writing EDIF netlist file score0.edif ...
ngc2edif: Total memory usage is 86712 kilobytes

Release 14.7 - ngc2edif P.20131013 (nt64)
Copyright (c) 1995-2013 Xilinx, Inc.  All rights reserved.
Reading design score0.ngc ...
WARNING:NetListWriters:298 - No output is written to score0.xncf, ignored.
Processing design ...
   Preping design's networks ...
   Preping design's macros ...
  finished :Prep
Writing EDIF netlist file score0.edif ...
ngc2edif: Total memory usage is 86224 kilobytes

Release 14.7 - ngc2edif P.20131013 (nt64)
Copyright (c) 1995-2013 Xilinx, Inc.  All rights reserved.
Reading design fenshue.ngc ...
WARNING:NetListWriters:298 - No output is written to fenshue.xncf, ignored.
Processing design ...
   Preping design's networks ...
   Preping design's macros ...
  finished :Prep
Writing EDIF netlist file fenshue.edif ...
ngc2edif: Total memory usage is 86224 kilobytes

Release 14.7 - ngc2edif P.20131013 (nt64)
Copyright (c) 1995-2013 Xilinx, Inc.  All rights reserved.
Reading design member.ngc ...
WARNING:NetListWriters:298 - No output is written to member.xncf, ignored.
Processing design ...
   Preping design's networks ...
   Preping design's macros ...
  finished :Prep
Writing EDIF netlist file member.edif ...
ngc2edif: Total memory usage is 94416 kilobytes

