#-----------------------------------------------------------
# PlanAhead v14.7 (64-bit)
# Build 321239 by xbuild on Fri Sep 27 19:29:51 MDT 2013
# Start of session at: Thu Apr 26 16:41:57 2018
# Process ID: 8724
# Log file: C:/Users/mudifan/Desktop/chengshen/AUTOCROSS1.0/planAhead_run_5/planAhead.log
# Journal file: C:/Users/mudifan/Desktop/chengshen/AUTOCROSS1.0/planAhead_run_5/planAhead.jou
#-----------------------------------------------------------
INFO: [Common 17-78] Attempting to get a license: PlanAhead
INFO: [Common 17-290] Got license for PlanAhead
INFO: [Device 21-36] Loading parts and site information from C:/Xilinx/14.7/ISE_DS/PlanAhead/data/parts/arch.xml
Parsing RTL primitives file [C:/Xilinx/14.7/ISE_DS/PlanAhead/data/parts/xilinx/rtl/prims/rtl_prims.xml]
Finished parsing RTL primitives file [C:/Xilinx/14.7/ISE_DS/PlanAhead/data/parts/xilinx/rtl/prims/rtl_prims.xml]
start_gui
source C:/Users/mudifan/Desktop/chengshen/AUTOCROSS1.0/pa.fromHdl.tcl
# create_project -name AUTOCROSS1.0 -dir "C:/Users/mudifan/Desktop/chengshen/AUTOCROSS1.0/planAhead_run_5" -part xc7a100tcsg324-1
# set_param project.pinAheadLayout yes
# set srcset [get_property srcset [current_run -impl]]
# set_property target_constrs_file "top.ucf" [current_fileset -constrset]
Adding file 'C:/Users/mudifan/Desktop/chengshen/AUTOCROSS1.0/top.ucf' to fileset 'constrs_1'
# add_files [list {ipcore_dir/score0.ngc}]
# add_files [list {ipcore_dir/fenshue.ngc}]
# add_files [list {ipcore_dir/member.ngc}]
# set hdlfile [add_files [list {ipcore_dir/score0.v}]]
# set_property file_type Verilog $hdlfile
# set_property library work $hdlfile
# set hdlfile [add_files [list {ipcore_dir/member.v}]]
# set_property file_type Verilog $hdlfile
# set_property library work $hdlfile
# set hdlfile [add_files [list {ipcore_dir/fenshue.v}]]
# set_property file_type Verilog $hdlfile
# set_property library work $hdlfile
# set hdlfile [add_files [list {control.v}]]
# set_property file_type Verilog $hdlfile
# set_property library work $hdlfile
# set_property top control $srcset
INFO: [Common 17-41] Interrupt caught. Command should exit soon.
INFO: [Common 17-344] 'source' was cancelled
exit
ERROR: [PlanAhead 12-106] *** Exception: ui.h.b: Found deleted key in HTclEventBroker. Verify if the classes listed here call cleanup()
HTclEvent: DEBUG_CORE_CONFIG_CHANGE   Classes: ui.views.aR 
HTclEvent: SIGNAL_BUS_MODIFY   Classes: ui.views.aR 
HTclEvent: DEBUG_PORT_CONFIG_CHANGE   Classes: ui.views.aR 
HTclEvent: SIGNAL_MODIFY   Classes: ui.views.aR 
 (See C:/Users/mudifan/Desktop/chengshen/AUTOCROSS1.0\planAhead_pid8724.debug)
ERROR: [Common 17-39] 'stop_gui' failed due to earlier errors.
INFO: [Common 17-206] Exiting PlanAhead at Thu Apr 26 16:42:12 2018...
INFO: [Common 17-83] Releasing license: PlanAhead
